<?xml version="1.0" encoding="UTF-8"?>
<!-- Generated by org.testng.reporters.JUnitXMLReporter -->
<testsuite ignored="0" hostname="Sakti-PC" failures="0" tests="3" name="Test" time="11.287" errors="0" timestamp="2024-09-21T19:42:47 IST">
  <testcase classname="tests.E2ETestForBooking" name="createBooking" time="2.313"/>
  <testcase classname="tests.E2ETestForBooking" name="updateBooking" time="1.446"/>
  <testcase classname="tests.E2ETestForBooking" name="deleteBooking" time="1.463"/>
</testsuite> <!-- Test -->
