<?xml version="1.0" encoding="UTF-8"?>
<testng-results ignored="0" total="1" passed="1" failed="0" skipped="0">
  <reporter-output>
  </reporter-output>
  <suite started-at="2024-09-08T10:05:15 IST" name="Surefire suite" finished-at="2024-09-08T10:05:15 IST" duration-ms="17">
    <groups>
    </groups>
    <test started-at="2024-09-08T10:05:15 IST" name="Surefire test" finished-at="2024-09-08T10:05:15 IST" duration-ms="17">
      <class name="tests.SamirTest">
        <test-method signature="test1()[pri:0, instance:tests.SamirTest@79da8dc5]" started-at="2024-09-08T10:05:15 IST" name="test1" finished-at="2024-09-08T10:05:15 IST" duration-ms="1" status="PASS">
          <reporter-output>
          </reporter-output>
        </test-method> <!-- test1 -->
      </class> <!-- tests.SamirTest -->
    </test> <!-- Surefire test -->
  </suite> <!-- Surefire suite -->
</testng-results>
