<?xml version="1.0" encoding="UTF-8"?>
<testng-results ignored="0" total="3" passed="3" failed="0" skipped="0">
  <reporter-output>
  </reporter-output>
  <suite started-at="2024-09-21T19:42:35 IST" name="Suite" finished-at="2024-09-21T19:42:46 IST" duration-ms="11287">
    <groups>
    </groups>
    <test started-at="2024-09-21T19:42:35 IST" name="Test" finished-at="2024-09-21T19:42:46 IST" duration-ms="11287">
      <class name="tests.E2ETestForBooking">
        <test-method is-config="true" signature="setup()[pri:0, instance:tests.E2ETestForBooking@3a0baae5]" started-at="2024-09-21T19:42:35 IST" name="setup" finished-at="2024-09-21T19:42:41 IST" duration-ms="5964" status="PASS">
          <reporter-output>
          </reporter-output>
        </test-method> <!-- setup -->
        <test-method signature="createBooking()[pri:0, instance:tests.E2ETestForBooking@3a0baae5]" started-at="2024-09-21T19:42:41 IST" name="createBooking" finished-at="2024-09-21T19:42:43 IST" duration-ms="2313" status="PASS">
          <reporter-output>
          </reporter-output>
        </test-method> <!-- createBooking -->
        <test-method signature="updateBooking()[pri:1, instance:tests.E2ETestForBooking@3a0baae5]" started-at="2024-09-21T19:42:43 IST" name="updateBooking" finished-at="2024-09-21T19:42:45 IST" depends-on-methods="tests.E2ETestForBooking.createBooking" duration-ms="1446" status="PASS">
          <reporter-output>
          </reporter-output>
        </test-method> <!-- updateBooking -->
        <test-method signature="deleteBooking()[pri:2, instance:tests.E2ETestForBooking@3a0baae5]" started-at="2024-09-21T19:42:45 IST" name="deleteBooking" finished-at="2024-09-21T19:42:46 IST" depends-on-methods="tests.E2ETestForBooking.createBooking" duration-ms="1463" status="PASS">
          <reporter-output>
          </reporter-output>
        </test-method> <!-- deleteBooking -->
      </class> <!-- tests.E2ETestForBooking -->
    </test> <!-- Test -->
  </suite> <!-- Suite -->
</testng-results>
